2026-07-10 15:10:29  ERROR     db_activity                          [DB QUERY ERROR] method=replSetGetStatus collection=1 query_ms=2.42 db=admin target=local error={'ok':_0.0,_'errmsg':_'not_running_with_--replSet',_'code':_76,_'codeName':_'NoReplicationEnabled'}
2026-07-10 15:10:29  WARNING   features.telegram_notifier           [TELEGRAM] skipped — bot token or admin chat_id not configured for category "common"
2026-07-10 15:12:08  WARNING   features.telegram_notifier           [TELEGRAM] skipped — bot token or admin chat_id not configured for category "common"
2026-07-10 15:12:09  WARNING   features.telegram_notifier           [TELEGRAM] skipped — bot token or admin chat_id not configured for category "common"
2026-07-10 15:12:10  WARNING   features.telegram_notifier           [TELEGRAM] skipped — bot token or admin chat_id not configured for category "common"
2026-07-10 15:18:00  WARNING   features.telegram_notifier           [TELEGRAM] skipped — bot token or admin chat_id not configured for category "common"
2026-07-10 15:19:15  WARNING   features.telegram_notifier           [TELEGRAM] skipped — bot token or admin chat_id not configured for category "common"
2026-07-10 15:22:25  WARNING   features.central_tick_client         [CentralTick] WS error: received 1012 (service restart); then sent 1012 (service restart) — retry in 2s
2026-07-10 15:22:25  WARNING   features.central_tick_client         [CentralTick] WS error: received 1012 (service restart); then sent 1012 (service restart) — retry in 2s
2026-07-10 15:22:38  WARNING   features.central_tick_client         [CentralTick] WS error:  — retry in 2s
2026-07-10 15:23:56  ERROR     db_activity                          [DB QUERY ERROR] method=replSetGetStatus collection=1 query_ms=0.48 db=admin target=local error={'ok':_0.0,_'errmsg':_'not_running_with_--replSet',_'code':_76,_'codeName':_'NoReplicationEnabled'}
2026-07-10 15:24:24  WARNING   features.telegram_notifier           [TELEGRAM] skipped — bot token or admin chat_id not configured for category "common"
2026-07-10 15:24:25  WARNING   features.telegram_notifier           [TELEGRAM] skipped — bot token or admin chat_id not configured for category "common"
2026-07-10 15:24:25  WARNING   features.telegram_notifier           [TELEGRAM] skipped — bot token or admin chat_id not configured for category "common"
2026-07-10 15:50:55  WARNING   features.broker_gateway              [BROKER REST QUOTES] HTTPSConnectionPool(host='api.dhan.co', port=443): Max retries exceeded with url: /v2/marketfeed/quote (Caused by NameResolutionError("<urllib3.connection.HTTPSConnection object at 0x7355aa6b75b0>: Failed to resolve 'api.dhan.co' ([Errno -3] Temporary failure in name resolution)"))
2026-07-10 15:50:55  WARNING   features.telegram_notifier           [TELEGRAM] skipped — bot token or admin chat_id not configured for category "common"
2026-07-10 15:50:55  WARNING   features.telegram_notifier           [TELEGRAM] skipped — bot token or admin chat_id not configured for category "common"
2026-07-10 15:50:56  WARNING   features.telegram_notifier           [TELEGRAM] skipped — bot token or admin chat_id not configured for category "common"
2026-07-10 15:50:56  WARNING   features.broker_gateway              [BROKER REST QUOTES] HTTPSConnectionPool(host='api.dhan.co', port=443): Max retries exceeded with url: /v2/marketfeed/quote (Caused by NameResolutionError("<urllib3.connection.HTTPSConnection object at 0x7355d9448940>: Failed to resolve 'api.dhan.co' ([Errno -3] Temporary failure in name resolution)"))
2026-07-10 15:50:56  WARNING   features.telegram_notifier           [TELEGRAM] skipped — bot token or admin chat_id not configured for category "common"
2026-07-10 15:50:56  WARNING   features.telegram_notifier           [TELEGRAM] skipped — bot token or admin chat_id not configured for category "common"
2026-07-10 15:50:57  WARNING   features.broker_gateway              [BROKER REST QUOTES] HTTPSConnectionPool(host='api.dhan.co', port=443): Max retries exceeded with url: /v2/marketfeed/quote (Caused by NameResolutionError("<urllib3.connection.HTTPSConnection object at 0x7355aa6b6bc0>: Failed to resolve 'api.dhan.co' ([Errno -3] Temporary failure in name resolution)"))
2026-07-10 15:50:57  WARNING   features.telegram_notifier           [TELEGRAM] skipped — bot token or admin chat_id not configured for category "common"
2026-07-10 15:51:06  ERROR     features.telegram_notifier           [TELEGRAM linking] poll iteration failed
Traceback (most recent call last):
  File "/home/ashok-innoppl/.local/lib/python3.10/site-packages/urllib3/connectionpool.py", line 534, in _make_request
    response = conn.getresponse()
  File "/home/ashok-innoppl/.local/lib/python3.10/site-packages/urllib3/connection.py", line 565, in getresponse
    httplib_response = super().getresponse()
  File "/usr/lib/python3.10/http/client.py", line 1404, in getresponse
    response.begin()
  File "/usr/lib/python3.10/http/client.py", line 323, in begin
    version, status, reason = self._read_status()
  File "/usr/lib/python3.10/http/client.py", line 284, in _read_status
    line = str(self.fp.readline(_MAXLINE + 1), "iso-8859-1")
  File "/usr/lib/python3.10/socket.py", line 705, in readinto
    return self._sock.recv_into(b)
  File "/usr/lib/python3.10/ssl.py", line 1303, in recv_into
    return self.read(nbytes, buffer)
  File "/usr/lib/python3.10/ssl.py", line 1159, in read
    return self._sslobj.read(len, buffer)
TimeoutError: The read operation timed out

The above exception was the direct cause of the following exception:

Traceback (most recent call last):
  File "/home/ashok-innoppl/.local/lib/python3.10/site-packages/requests/adapters.py", line 486, in send
    resp = conn.urlopen(
  File "/home/ashok-innoppl/.local/lib/python3.10/site-packages/urllib3/connectionpool.py", line 841, in urlopen
    retries = retries.increment(
  File "/home/ashok-innoppl/.local/lib/python3.10/site-packages/urllib3/util/retry.py", line 474, in increment
    raise reraise(type(error), error, _stacktrace)
  File "/home/ashok-innoppl/.local/lib/python3.10/site-packages/urllib3/util/util.py", line 39, in reraise
    raise value
  File "/home/ashok-innoppl/.local/lib/python3.10/site-packages/urllib3/connectionpool.py", line 787, in urlopen
    response = self._make_request(
  File "/home/ashok-innoppl/.local/lib/python3.10/site-packages/urllib3/connectionpool.py", line 536, in _make_request
    self._raise_timeout(err=e, url=url, timeout_value=read_timeout)
  File "/home/ashok-innoppl/.local/lib/python3.10/site-packages/urllib3/connectionpool.py", line 367, in _raise_timeout
    raise ReadTimeoutError(
urllib3.exceptions.ReadTimeoutError: HTTPSConnectionPool(host='api.telegram.org', port=443): Read timed out. (read timeout=35)

During handling of the above exception, another exception occurred:

Traceback (most recent call last):
  File "/media/ashok-innoppl/7CD60970D6092C48/algo-backend/algo.trade/features/telegram_notifier.py", line 363, in telegram_linking_poll_loop
    resp = await asyncio.to_thread(
  File "/usr/lib/python3.10/asyncio/threads.py", line 25, in to_thread
    return await loop.run_in_executor(None, func_call)
  File "/usr/lib/python3.10/concurrent/futures/thread.py", line 58, in run
    result = self.fn(*self.args, **self.kwargs)
  File "/home/ashok-innoppl/.local/lib/python3.10/site-packages/requests/api.py", line 73, in get
    return request("get", url, params=params, **kwargs)
  File "/home/ashok-innoppl/.local/lib/python3.10/site-packages/requests/api.py", line 59, in request
    return session.request(method=method, url=url, **kwargs)
  File "/home/ashok-innoppl/.local/lib/python3.10/site-packages/requests/sessions.py", line 589, in request
    resp = self.send(prep, **send_kwargs)
  File "/home/ashok-innoppl/.local/lib/python3.10/site-packages/requests/sessions.py", line 703, in send
    r = adapter.send(request, **kwargs)
  File "/home/ashok-innoppl/.local/lib/python3.10/site-packages/requests/adapters.py", line 532, in send
    raise ReadTimeout(e, request=request)
requests.exceptions.ReadTimeout: HTTPSConnectionPool(host='api.telegram.org', port=443): Read timed out. (read timeout=35)
2026-07-10 15:51:11  ERROR     features.telegram_notifier           [TELEGRAM linking] poll iteration failed
Traceback (most recent call last):
  File "/home/ashok-innoppl/.local/lib/python3.10/site-packages/urllib3/connection.py", line 198, in _new_conn
    sock = connection.create_connection(
  File "/home/ashok-innoppl/.local/lib/python3.10/site-packages/urllib3/util/connection.py", line 60, in create_connection
    for res in socket.getaddrinfo(host, port, family, socket.SOCK_STREAM):
  File "/usr/lib/python3.10/socket.py", line 955, in getaddrinfo
    for res in _socket.getaddrinfo(host, port, family, type, proto, flags):
socket.gaierror: [Errno -3] Temporary failure in name resolution

The above exception was the direct cause of the following exception:

Traceback (most recent call last):
  File "/home/ashok-innoppl/.local/lib/python3.10/site-packages/urllib3/connectionpool.py", line 787, in urlopen
    response = self._make_request(
  File "/home/ashok-innoppl/.local/lib/python3.10/site-packages/urllib3/connectionpool.py", line 488, in _make_request
    raise new_e
  File "/home/ashok-innoppl/.local/lib/python3.10/site-packages/urllib3/connectionpool.py", line 464, in _make_request
    self._validate_conn(conn)
  File "/home/ashok-innoppl/.local/lib/python3.10/site-packages/urllib3/connectionpool.py", line 1093, in _validate_conn
    conn.connect()
  File "/home/ashok-innoppl/.local/lib/python3.10/site-packages/urllib3/connection.py", line 753, in connect
    self.sock = sock = self._new_conn()
  File "/home/ashok-innoppl/.local/lib/python3.10/site-packages/urllib3/connection.py", line 205, in _new_conn
    raise NameResolutionError(self.host, self, e) from e
urllib3.exceptions.NameResolutionError: <urllib3.connection.HTTPSConnection object at 0x7cd5ef369810>: Failed to resolve 'api.telegram.org' ([Errno -3] Temporary failure in name resolution)

The above exception was the direct cause of the following exception:

Traceback (most recent call last):
  File "/home/ashok-innoppl/.local/lib/python3.10/site-packages/requests/adapters.py", line 486, in send
    resp = conn.urlopen(
  File "/home/ashok-innoppl/.local/lib/python3.10/site-packages/urllib3/connectionpool.py", line 841, in urlopen
    retries = retries.increment(
  File "/home/ashok-innoppl/.local/lib/python3.10/site-packages/urllib3/util/retry.py", line 519, in increment
    raise MaxRetryError(_pool, url, reason) from reason  # type: ignore[arg-type]
urllib3.exceptions.MaxRetryError: HTTPSConnectionPool(host='api.telegram.org', port=443): Max retries exceeded with url: /bot8910385114:AAEeOZnJXTW4PxA5eFx-kZQabZA9kpjnXI8/getUpdates?offset=87833331&timeout=25&allowed_updates=%5B%22message%22%5D (Caused by NameResolutionError("<urllib3.connection.HTTPSConnection object at 0x7cd5ef369810>: Failed to resolve 'api.telegram.org' ([Errno -3] Temporary failure in name resolution)"))

During handling of the above exception, another exception occurred:

Traceback (most recent call last):
  File "/media/ashok-innoppl/7CD60970D6092C48/algo-backend/algo.trade/features/telegram_notifier.py", line 363, in telegram_linking_poll_loop
    resp = await asyncio.to_thread(
  File "/usr/lib/python3.10/asyncio/threads.py", line 25, in to_thread
    return await loop.run_in_executor(None, func_call)
  File "/usr/lib/python3.10/concurrent/futures/thread.py", line 58, in run
    result = self.fn(*self.args, **self.kwargs)
  File "/home/ashok-innoppl/.local/lib/python3.10/site-packages/requests/api.py", line 73, in get
    return request("get", url, params=params, **kwargs)
  File "/home/ashok-innoppl/.local/lib/python3.10/site-packages/requests/api.py", line 59, in request
    return session.request(method=method, url=url, **kwargs)
  File "/home/ashok-innoppl/.local/lib/python3.10/site-packages/requests/sessions.py", line 589, in request
    resp = self.send(prep, **send_kwargs)
  File "/home/ashok-innoppl/.local/lib/python3.10/site-packages/requests/sessions.py", line 703, in send
    r = adapter.send(request, **kwargs)
  File "/home/ashok-innoppl/.local/lib/python3.10/site-packages/requests/adapters.py", line 519, in send
    raise ConnectionError(e, request=request)
requests.exceptions.ConnectionError: HTTPSConnectionPool(host='api.telegram.org', port=443): Max retries exceeded with url: /bot8910385114:AAEeOZnJXTW4PxA5eFx-kZQabZA9kpjnXI8/getUpdates?offset=87833331&timeout=25&allowed_updates=%5B%22message%22%5D (Caused by NameResolutionError("<urllib3.connection.HTTPSConnection object at 0x7cd5ef369810>: Failed to resolve 'api.telegram.org' ([Errno -3] Temporary failure in name resolution)"))
2026-07-10 15:55:57  WARNING   features.central_tick_client         [CentralTick] WS error: received 1012 (service restart); then sent 1012 (service restart) — retry in 2s
2026-07-10 15:55:57  WARNING   features.central_tick_client         [CentralTick] WS error: received 1012 (service restart); then sent 1012 (service restart) — retry in 2s
2026-07-10 15:55:59  WARNING   features.central_tick_client         [CentralTick] WS error: [Errno 111] Connection refused — retry in 2s
2026-07-10 15:55:59  WARNING   features.central_tick_client         [CentralTick] WS error: [Errno 111] Connection refused — retry in 2s
2026-07-10 15:56:01  WARNING   features.central_tick_client         [CentralTick] WS error: [Errno 111] Connection refused — retry in 2s
2026-07-10 15:56:01  WARNING   features.central_tick_client         [CentralTick] WS error: [Errno 111] Connection refused — retry in 2s
2026-07-10 15:56:03  WARNING   features.central_tick_client         [CentralTick] WS error: [Errno 111] Connection refused — retry in 2s
2026-07-10 15:56:05  WARNING   features.central_tick_client         [CentralTick] WS error: [Errno 111] Connection refused — retry in 2s
2026-07-10 15:56:07  WARNING   features.central_tick_client         [CentralTick] WS error: [Errno 111] Connection refused — retry in 2s
2026-07-10 15:56:09  WARNING   features.central_tick_client         [CentralTick] WS error: [Errno 111] Connection refused — retry in 2s
